[11-02-2014 20:01:48] [INFO]: Compiling /Users/adriankunz/Documents/Eclipse Workspace/Dyvil/src/test/dyvil to /Users/adriankunz/Documents/Eclipse Workspace/Dyvil/bin/test/dyvil
[11-02-2014 20:01:48] [INFO]: Applying 10 States: [TOKENIZE, PARSE, RESOLVE_TYPES, RESOLVE, OPERATOR_PRECEDENCE, FOLD_CONSTANTS, CONVERT, OPTIMIZE, COMPILE, DEBUG]
[11-02-2014 20:01:48] [INFO]: 
[11-02-2014 20:01:48] [INFO]: Applying State TOKENIZE
[11-02-2014 20:01:48] [INFO]: Finished State TOKENIZE (46,8 ms, 15,6 ms/CU, 64,08 CU/s)
[11-02-2014 20:01:48] [INFO]: Applying State PARSE
[11-02-2014 20:01:48] [INFO]: Finished State PARSE (15,6 ms, 5,2 ms/CU, 192,23 CU/s)
[11-02-2014 20:01:48] [INFO]: Applying State RESOLVE_TYPES
[11-02-2014 20:01:48] [INFO]: Finished State RESOLVE_TYPES (3,6 ms, 1,2 ms/CU, 844,83 CU/s)
[11-02-2014 20:01:48] [INFO]: Applying State RESOLVE
[11-02-2014 20:01:48] [INFO]: Finished State RESOLVE (0,8 ms, 0,3 ms/CU, 3667,48 CU/s)
[11-02-2014 20:01:48] [INFO]: Applying State OPERATOR_PRECEDENCE
[11-02-2014 20:01:48] [INFO]: Finished State OPERATOR_PRECEDENCE (0,0 ms, 0,0 ms/CU, 119999,99 CU/s)
[11-02-2014 20:01:48] [INFO]: Applying State FOLD_CONSTANTS
[11-02-2014 20:01:48] [INFO]: Finished State FOLD_CONSTANTS (0,0 ms, 0,0 ms/CU, 107142,85 CU/s)
[11-02-2014 20:01:48] [INFO]: Applying State CONVERT
[11-02-2014 20:01:48] [INFO]: Finished State CONVERT (0,0 ms, 0,0 ms/CU, 136363,64 CU/s)
[11-02-2014 20:01:48] [INFO]: Applying State OPTIMIZE
[11-02-2014 20:01:48] [INFO]: Finished State OPTIMIZE (0,0 ms, 0,0 ms/CU, 136363,64 CU/s)
[11-02-2014 20:01:48] [INFO]: Applying State COMPILE
[11-02-2014 20:01:48] [INFO]: Finished State COMPILE (0,0 ms, 0,0 ms/CU, 272727,28 CU/s)
[11-02-2014 20:01:48] [INFO]: Applying State DEBUG
[11-02-2014 20:01:48] [INFO]: src/test/dyvil/com/clashsoft/test/A.dyvil:
package com.clashsoft.test;

public class A
{
	public static void a(B b);

}


[11-02-2014 20:01:48] [INFO]: src/test/dyvil/com/clashsoft/test/B.dyvil:
package com.clashsoft.test;

public class B
{
	public static B b() = { };

}


[11-02-2014 20:01:48] [INFO]: src/test/dyvil/com/clashsoft/test/Main.dyvil:
package com.clashsoft.test;

public class Main
{
	public int i = 0;
	public int j = 0;

	public static void main(String[] args) = 3 + 4;

	public static void instance() = { };

}


[11-02-2014 20:01:48] [INFO]: Finished State DEBUG (77,6 ms, 25,9 ms/CU, 38,66 CU/s)
[11-02-2014 20:01:48] [INFO]: 
[11-02-2014 20:01:48] [INFO]: Compilation finished (159,6 ms, 53,2 s/CU, 18,79 CU/s)
